E:\完整编译的游戏项目\绝命空袭\绝命空袭-2.2.2完整工程\COCOS2D-X-2.2.2\COCOS2D-X-2.2.2\PROJECTS\KJ1949GAME\KJ1945\PROJ.WIN32\DEBUG.WIN32\DRONE.OBJ
E:\完整编译的游戏项目\绝命空袭\绝命空袭-2.2.2完整工程\COCOS2D-X-2.2.2\COCOS2D-X-2.2.2\PROJECTS\KJ1949GAME\KJ1945\PROJ.WIN32\DEBUG.WIN32\ENEMYSPRITE.OBJ
E:\完整编译的游戏项目\绝命空袭\绝命空袭-2.2.2完整工程\COCOS2D-X-2.2.2\COCOS2D-X-2.2.2\PROJECTS\KJ1949GAME\KJ1945\PROJ.WIN32\DEBUG.WIN32\GAMELAYER.OBJ
E:\完整编译的游戏项目\绝命空袭\绝命空袭-2.2.2完整工程\COCOS2D-X-2.2.2\COCOS2D-X-2.2.2\PROJECTS\KJ1949GAME\KJ1945\PROJ.WIN32\DEBUG.WIN32\GAMESCENE.OBJ
E:\完整编译的游戏项目\绝命空袭\绝命空袭-2.2.2完整工程\COCOS2D-X-2.2.2\COCOS2D-X-2.2.2\PROJECTS\KJ1949GAME\KJ1945\PROJ.WIN32\DEBUG.WIN32\GLOBALDATA.OBJ
E:\完整编译的游戏项目\绝命空袭\绝命空袭-2.2.2完整工程\COCOS2D-X-2.2.2\COCOS2D-X-2.2.2\PROJECTS\KJ1949GAME\KJ1945\PROJ.WIN32\DEBUG.WIN32\HELICOPTERSPRITE.OBJ
E:\完整编译的游戏项目\绝命空袭\绝命空袭-2.2.2完整工程\COCOS2D-X-2.2.2\COCOS2D-X-2.2.2\PROJECTS\KJ1949GAME\KJ1945\PROJ.WIN32\DEBUG.WIN32\HELLOWORLDSCENE.OBJ
E:\完整编译的游戏项目\绝命空袭\绝命空袭-2.2.2完整工程\COCOS2D-X-2.2.2\COCOS2D-X-2.2.2\PROJECTS\KJ1949GAME\KJ1945\PROJ.WIN32\DEBUG.WIN32\ITEMSPRITE.OBJ
E:\完整编译的游戏项目\绝命空袭\绝命空袭-2.2.2完整工程\COCOS2D-X-2.2.2\COCOS2D-X-2.2.2\PROJECTS\KJ1949GAME\KJ1945\PROJ.WIN32\DEBUG.WIN32\LEVELLAYER.OBJ
E:\完整编译的游戏项目\绝命空袭\绝命空袭-2.2.2完整工程\COCOS2D-X-2.2.2\COCOS2D-X-2.2.2\PROJECTS\KJ1949GAME\KJ1945\PROJ.WIN32\DEBUG.WIN32\LEVELSCENE.OBJ
E:\完整编译的游戏项目\绝命空袭\绝命空袭-2.2.2完整工程\COCOS2D-X-2.2.2\COCOS2D-X-2.2.2\PROJECTS\KJ1949GAME\KJ1945\PROJ.WIN32\DEBUG.WIN32\MAINUILAYER.OBJ
E:\完整编译的游戏项目\绝命空袭\绝命空袭-2.2.2完整工程\COCOS2D-X-2.2.2\COCOS2D-X-2.2.2\PROJECTS\KJ1949GAME\KJ1945\PROJ.WIN32\DEBUG.WIN32\MAINUISCENE.OBJ
E:\完整编译的游戏项目\绝命空袭\绝命空袭-2.2.2完整工程\COCOS2D-X-2.2.2\COCOS2D-X-2.2.2\PROJECTS\KJ1949GAME\KJ1945\PROJ.WIN32\DEBUG.WIN32\MISSIONLAYER.OBJ
E:\完整编译的游戏项目\绝命空袭\绝命空袭-2.2.2完整工程\COCOS2D-X-2.2.2\COCOS2D-X-2.2.2\PROJECTS\KJ1949GAME\KJ1945\PROJ.WIN32\DEBUG.WIN32\MISSIONSCENE.OBJ
E:\完整编译的游戏项目\绝命空袭\绝命空袭-2.2.2完整工程\COCOS2D-X-2.2.2\COCOS2D-X-2.2.2\PROJECTS\KJ1949GAME\KJ1945\PROJ.WIN32\DEBUG.WIN32\PLAYERSPRITE.OBJ
E:\完整编译的游戏项目\绝命空袭\绝命空袭-2.2.2完整工程\COCOS2D-X-2.2.2\COCOS2D-X-2.2.2\PROJECTS\KJ1949GAME\KJ1945\PROJ.WIN32\DEBUG.WIN32\SELECTLAYER.OBJ
E:\完整编译的游戏项目\绝命空袭\绝命空袭-2.2.2完整工程\COCOS2D-X-2.2.2\COCOS2D-X-2.2.2\PROJECTS\KJ1949GAME\KJ1945\PROJ.WIN32\DEBUG.WIN32\SELECTSCENE.OBJ
E:\完整编译的游戏项目\绝命空袭\绝命空袭-2.2.2完整工程\COCOS2D-X-2.2.2\COCOS2D-X-2.2.2\PROJECTS\KJ1949GAME\KJ1945\PROJ.WIN32\DEBUG.WIN32\SHOPLAYER.OBJ
E:\完整编译的游戏项目\绝命空袭\绝命空袭-2.2.2完整工程\COCOS2D-X-2.2.2\COCOS2D-X-2.2.2\PROJECTS\KJ1949GAME\KJ1945\PROJ.WIN32\DEBUG.WIN32\SUPERBOMB.OBJ
E:\完整编译的游戏项目\绝命空袭\绝命空袭-2.2.2完整工程\COCOS2D-X-2.2.2\COCOS2D-X-2.2.2\PROJECTS\KJ1949GAME\KJ1945\PROJ.WIN32\DEBUG.WIN32\MAIN.OBJ
E:\完整编译的游戏项目\绝命空袭\绝命空袭-2.2.2完整工程\COCOS2D-X-2.2.2\COCOS2D-X-2.2.2\PROJECTS\KJ1949GAME\KJ1945\PROJ.WIN32\DEBUG.WIN32\APPDELEGATE.OBJ
E:\完整编译的游戏项目\绝命空袭\绝命空袭-2.2.2完整工程\COCOS2D-X-2.2.2\COCOS2D-X-2.2.2\PROJECTS\KJ1949GAME\KJ1945\PROJ.WIN32\DEBUG.WIN32\ARMYSPRITE.OBJ
E:\完整编译的游戏项目\绝命空袭\绝命空袭-2.2.2完整工程\COCOS2D-X-2.2.2\COCOS2D-X-2.2.2\PROJECTS\KJ1949GAME\KJ1945\PROJ.WIN32\DEBUG.WIN32\ASSESS.OBJ
E:\完整编译的游戏项目\绝命空袭\绝命空袭-2.2.2完整工程\COCOS2D-X-2.2.2\COCOS2D-X-2.2.2\PROJECTS\KJ1949GAME\KJ1945\PROJ.WIN32\DEBUG.WIN32\BOSS.OBJ
E:\完整编译的游戏项目\绝命空袭\绝命空袭-2.2.2完整工程\COCOS2D-X-2.2.2\COCOS2D-X-2.2.2\PROJECTS\KJ1949GAME\KJ1945\PROJ.WIN32\DEBUG.WIN32\BOSSFIVE.OBJ
E:\完整编译的游戏项目\绝命空袭\绝命空袭-2.2.2完整工程\COCOS2D-X-2.2.2\COCOS2D-X-2.2.2\PROJECTS\KJ1949GAME\KJ1945\PROJ.WIN32\DEBUG.WIN32\BOSSFOUR.OBJ
E:\完整编译的游戏项目\绝命空袭\绝命空袭-2.2.2完整工程\COCOS2D-X-2.2.2\COCOS2D-X-2.2.2\PROJECTS\KJ1949GAME\KJ1945\PROJ.WIN32\DEBUG.WIN32\BOSSSEVEN.OBJ
E:\完整编译的游戏项目\绝命空袭\绝命空袭-2.2.2完整工程\COCOS2D-X-2.2.2\COCOS2D-X-2.2.2\PROJECTS\KJ1949GAME\KJ1945\PROJ.WIN32\DEBUG.WIN32\BOSSSIX.OBJ
E:\完整编译的游戏项目\绝命空袭\绝命空袭-2.2.2完整工程\COCOS2D-X-2.2.2\COCOS2D-X-2.2.2\PROJECTS\KJ1949GAME\KJ1945\PROJ.WIN32\DEBUG.WIN32\BOSSTHREE.OBJ
E:\完整编译的游戏项目\绝命空袭\绝命空袭-2.2.2完整工程\COCOS2D-X-2.2.2\COCOS2D-X-2.2.2\PROJECTS\KJ1949GAME\KJ1945\PROJ.WIN32\DEBUG.WIN32\BOSSTWO.OBJ
E:\完整编译的游戏项目\绝命空袭\绝命空袭-2.2.2完整工程\COCOS2D-X-2.2.2\COCOS2D-X-2.2.2\PROJECTS\KJ1949GAME\KJ1945\PROJ.WIN32\DEBUG.WIN32\BULLET.OBJ
E:\完整编译的游戏项目\绝命空袭\绝命空袭-2.2.2完整工程\COCOS2D-X-2.2.2\COCOS2D-X-2.2.2\PROJECTS\KJ1949GAME\KJ1945\PROJ.WIN32\DEBUG.WIN32\VC110.PDB
E:\完整编译的游戏项目\绝命空袭\绝命空袭-2.2.2完整工程\cocos2d-x-2.2.2\cocos2d-x-2.2.2\projects\KJ1949Game\KJ1945\proj.win32\Debug.win32\AppDelegate.obj
E:\完整编译的游戏项目\绝命空袭\绝命空袭-2.2.2完整工程\cocos2d-x-2.2.2\cocos2d-x-2.2.2\projects\KJ1949Game\KJ1945\proj.win32\Debug.win32\ArmySprite.obj
E:\完整编译的游戏项目\绝命空袭\绝命空袭-2.2.2完整工程\cocos2d-x-2.2.2\cocos2d-x-2.2.2\projects\KJ1949Game\KJ1945\proj.win32\Debug.win32\Assess.obj
E:\完整编译的游戏项目\绝命空袭\绝命空袭-2.2.2完整工程\cocos2d-x-2.2.2\cocos2d-x-2.2.2\projects\KJ1949Game\KJ1945\proj.win32\Debug.win32\Boss.obj
E:\完整编译的游戏项目\绝命空袭\绝命空袭-2.2.2完整工程\cocos2d-x-2.2.2\cocos2d-x-2.2.2\projects\KJ1949Game\KJ1945\proj.win32\Debug.win32\BossFive.obj
E:\完整编译的游戏项目\绝命空袭\绝命空袭-2.2.2完整工程\cocos2d-x-2.2.2\cocos2d-x-2.2.2\projects\KJ1949Game\KJ1945\proj.win32\Debug.win32\BossFour.obj
E:\完整编译的游戏项目\绝命空袭\绝命空袭-2.2.2完整工程\cocos2d-x-2.2.2\cocos2d-x-2.2.2\projects\KJ1949Game\KJ1945\proj.win32\Debug.win32\BossSeven.obj
E:\完整编译的游戏项目\绝命空袭\绝命空袭-2.2.2完整工程\cocos2d-x-2.2.2\cocos2d-x-2.2.2\projects\KJ1949Game\KJ1945\proj.win32\Debug.win32\BossSix.obj
E:\完整编译的游戏项目\绝命空袭\绝命空袭-2.2.2完整工程\cocos2d-x-2.2.2\cocos2d-x-2.2.2\projects\KJ1949Game\KJ1945\proj.win32\Debug.win32\BossThree.obj
E:\完整编译的游戏项目\绝命空袭\绝命空袭-2.2.2完整工程\cocos2d-x-2.2.2\cocos2d-x-2.2.2\projects\KJ1949Game\KJ1945\proj.win32\Debug.win32\BossTwo.obj
E:\完整编译的游戏项目\绝命空袭\绝命空袭-2.2.2完整工程\cocos2d-x-2.2.2\cocos2d-x-2.2.2\projects\KJ1949Game\KJ1945\proj.win32\Debug.win32\Bullet.obj
E:\完整编译的游戏项目\绝命空袭\绝命空袭-2.2.2完整工程\cocos2d-x-2.2.2\cocos2d-x-2.2.2\projects\KJ1949Game\KJ1945\proj.win32\Debug.win32\Drone.obj
E:\完整编译的游戏项目\绝命空袭\绝命空袭-2.2.2完整工程\cocos2d-x-2.2.2\cocos2d-x-2.2.2\projects\KJ1949Game\KJ1945\proj.win32\Debug.win32\EnemySprite.obj
E:\完整编译的游戏项目\绝命空袭\绝命空袭-2.2.2完整工程\cocos2d-x-2.2.2\cocos2d-x-2.2.2\projects\KJ1949Game\KJ1945\proj.win32\Debug.win32\GameLayer.obj
E:\完整编译的游戏项目\绝命空袭\绝命空袭-2.2.2完整工程\cocos2d-x-2.2.2\cocos2d-x-2.2.2\projects\KJ1949Game\KJ1945\proj.win32\Debug.win32\GameScene.obj
E:\完整编译的游戏项目\绝命空袭\绝命空袭-2.2.2完整工程\cocos2d-x-2.2.2\cocos2d-x-2.2.2\projects\KJ1949Game\KJ1945\proj.win32\Debug.win32\GlobalData.obj
E:\完整编译的游戏项目\绝命空袭\绝命空袭-2.2.2完整工程\cocos2d-x-2.2.2\cocos2d-x-2.2.2\projects\KJ1949Game\KJ1945\proj.win32\Debug.win32\HelicopterSprite.obj
E:\完整编译的游戏项目\绝命空袭\绝命空袭-2.2.2完整工程\cocos2d-x-2.2.2\cocos2d-x-2.2.2\projects\KJ1949Game\KJ1945\proj.win32\Debug.win32\HelloWorldScene.obj
E:\完整编译的游戏项目\绝命空袭\绝命空袭-2.2.2完整工程\cocos2d-x-2.2.2\cocos2d-x-2.2.2\projects\KJ1949Game\KJ1945\proj.win32\Debug.win32\ItemSprite.obj
E:\完整编译的游戏项目\绝命空袭\绝命空袭-2.2.2完整工程\cocos2d-x-2.2.2\cocos2d-x-2.2.2\projects\KJ1949Game\KJ1945\proj.win32\Debug.win32\LevelLayer.obj
E:\完整编译的游戏项目\绝命空袭\绝命空袭-2.2.2完整工程\cocos2d-x-2.2.2\cocos2d-x-2.2.2\projects\KJ1949Game\KJ1945\proj.win32\Debug.win32\LevelScene.obj
E:\完整编译的游戏项目\绝命空袭\绝命空袭-2.2.2完整工程\cocos2d-x-2.2.2\cocos2d-x-2.2.2\projects\KJ1949Game\KJ1945\proj.win32\Debug.win32\main.obj
E:\完整编译的游戏项目\绝命空袭\绝命空袭-2.2.2完整工程\cocos2d-x-2.2.2\cocos2d-x-2.2.2\projects\KJ1949Game\KJ1945\proj.win32\Debug.win32\MainUILayer.obj
E:\完整编译的游戏项目\绝命空袭\绝命空袭-2.2.2完整工程\cocos2d-x-2.2.2\cocos2d-x-2.2.2\projects\KJ1949Game\KJ1945\proj.win32\Debug.win32\MainUIScene.obj
E:\完整编译的游戏项目\绝命空袭\绝命空袭-2.2.2完整工程\cocos2d-x-2.2.2\cocos2d-x-2.2.2\projects\KJ1949Game\KJ1945\proj.win32\Debug.win32\MissionLayer.obj
E:\完整编译的游戏项目\绝命空袭\绝命空袭-2.2.2完整工程\cocos2d-x-2.2.2\cocos2d-x-2.2.2\projects\KJ1949Game\KJ1945\proj.win32\Debug.win32\MissionScene.obj
E:\完整编译的游戏项目\绝命空袭\绝命空袭-2.2.2完整工程\cocos2d-x-2.2.2\cocos2d-x-2.2.2\projects\KJ1949Game\KJ1945\proj.win32\Debug.win32\PlayerSprite.obj
E:\完整编译的游戏项目\绝命空袭\绝命空袭-2.2.2完整工程\cocos2d-x-2.2.2\cocos2d-x-2.2.2\projects\KJ1949Game\KJ1945\proj.win32\Debug.win32\SelectLayer.obj
E:\完整编译的游戏项目\绝命空袭\绝命空袭-2.2.2完整工程\cocos2d-x-2.2.2\cocos2d-x-2.2.2\projects\KJ1949Game\KJ1945\proj.win32\Debug.win32\SelectScene.obj
E:\完整编译的游戏项目\绝命空袭\绝命空袭-2.2.2完整工程\cocos2d-x-2.2.2\cocos2d-x-2.2.2\projects\KJ1949Game\KJ1945\proj.win32\Debug.win32\ShopLayer.obj
E:\完整编译的游戏项目\绝命空袭\绝命空袭-2.2.2完整工程\cocos2d-x-2.2.2\cocos2d-x-2.2.2\projects\KJ1949Game\KJ1945\proj.win32\Debug.win32\SuperBomb.obj
E:\完整编译的游戏项目\绝命空袭\绝命空袭-2.2.2完整工程\cocos2d-x-2.2.2\cocos2d-x-2.2.2\projects\KJ1949Game\KJ1945\proj.win32\Debug.win32\cl.command.1.tlog
E:\完整编译的游戏项目\绝命空袭\绝命空袭-2.2.2完整工程\cocos2d-x-2.2.2\cocos2d-x-2.2.2\projects\KJ1949Game\KJ1945\proj.win32\Debug.win32\CL.read.1.tlog
E:\完整编译的游戏项目\绝命空袭\绝命空袭-2.2.2完整工程\cocos2d-x-2.2.2\cocos2d-x-2.2.2\projects\KJ1949Game\KJ1945\proj.win32\Debug.win32\CL.write.1.tlog
E:\完整编译的游戏项目\绝命空袭\绝命空袭-2.2.2完整工程\cocos2d-x-2.2.2\cocos2d-x-2.2.2\projects\KJ1949Game\KJ1945\proj.win32\Debug.win32\link.command.1.tlog
E:\完整编译的游戏项目\绝命空袭\绝命空袭-2.2.2完整工程\cocos2d-x-2.2.2\cocos2d-x-2.2.2\projects\KJ1949Game\KJ1945\proj.win32\Debug.win32\link.read.1.tlog
E:\完整编译的游戏项目\绝命空袭\绝命空袭-2.2.2完整工程\cocos2d-x-2.2.2\cocos2d-x-2.2.2\projects\KJ1949Game\KJ1945\proj.win32\Debug.win32\link.write.1.tlog
E:\完整编译的游戏项目\绝命空袭\绝命空袭-2.2.2完整工程\cocos2d-x-2.2.2\cocos2d-x-2.2.2\projects\KJ1949Game\KJ1945\proj.win32\Debug.win32\vc110.idb
E:\完整编译的游戏项目\绝命空袭\绝命空袭-2.2.2完整工程\cocos2d-x-2.2.2\cocos2d-x-2.2.2\projects\KJ1949Game\KJ1945\proj.win32\Debug.win32\vc110.pdb
